\----------------------------------------------------\
OPEN
List[00000003b0bff8c0] "my_list" from List.cpp(38) in function - ListCtor.
{
capacity = 15
|    0 |    1 |    2 |    3 |    4 |    5 |    6 |    7 |    8 |    9 |   10 |   11 |   12 |   13 |   14 
-------------------------------------------------------------------------------------------------------
| -777 |    0 |    0 |    0 |    0 |    0 |    0 |    0 |    0 |    0 |    0 |    0 |    0 |    0 |    0 
-------------------------------------------------------------------------------------------------------
|    1 |    2 |    3 |    4 |    5 |    6 |    7 |    8 |    9 |   10 |   11 |   12 |   13 |   14 |    0 
-------------------------------------------------------------------------------------------------------
|   -1 |   -1 |   -1 |   -1 |   -1 |   -1 |   -1 |   -1 |   -1 |   -1 |   -1 |   -1 |   -1 |   -1 |   -1 
-------------------------------------------------------------------------------------------------------
<<HEAD 1>>
<<TAIL 1>>
<<FREE 1>>

List[00000003b0bff8c0] "my_list" from Main.cpp(13) in function - main.
{
capacity = 15
|    0 |    1 |    2 |    3 |    4 |    5 |    6 |    7 |    8 |    9 |   10 |   11 |   12 |   13 |   14 
-------------------------------------------------------------------------------------------------------
| -777 |   10 |    0 |    0 |    0 |    0 |    0 |    0 |    0 |    0 |    0 |    0 |    0 |    0 |    0 
-------------------------------------------------------------------------------------------------------
|    1 |    1 |    3 |    4 |    5 |    6 |    7 |    8 |    9 |   10 |   11 |   12 |   13 |   14 |    0 
-------------------------------------------------------------------------------------------------------
|   -1 |    0 |   -1 |   -1 |   -1 |   -1 |   -1 |   -1 |   -1 |   -1 |   -1 |   -1 |   -1 |   -1 |   -1 
-------------------------------------------------------------------------------------------------------
<<HEAD 1>>
<<TAIL 1>>
<<FREE 2>>

List[00000003b0bff8c0] "my_list" from Main.cpp(17) in function - main.
{
capacity = 15
|    0 |    1 |    2 |    3 |    4 |    5 |    6 |    7 |    8 |    9 |   10 |   11 |   12 |   13 |   14 
-------------------------------------------------------------------------------------------------------
| -777 |   10 |   40 |    0 |    0 |    0 |    0 |    0 |    0 |    0 |    0 |    0 |    0 |    0 |    0 
-------------------------------------------------------------------------------------------------------
|    1 |    2 |    0 |    4 |    5 |    6 |    7 |    8 |    9 |   10 |   11 |   12 |   13 |   14 |    0 
-------------------------------------------------------------------------------------------------------
|    2 |    0 |    1 |   -1 |   -1 |   -1 |   -1 |   -1 |   -1 |   -1 |   -1 |   -1 |   -1 |   -1 |   -1 
-------------------------------------------------------------------------------------------------------
<<HEAD 1>>
<<TAIL 2>>
<<FREE 3>>

List[00000003b0bff8c0] "my_list" from Main.cpp(21) in function - main.
{
capacity = 15
|    0 |    1 |    2 |    3 |    4 |    5 |    6 |    7 |    8 |    9 |   10 |   11 |   12 |   13 |   14 
-------------------------------------------------------------------------------------------------------
| -777 |   10 |   40 |   50 |    0 |    0 |    0 |    0 |    0 |    0 |    0 |    0 |    0 |    0 |    0 
-------------------------------------------------------------------------------------------------------
|    1 |    2 |    3 |    0 |    5 |    6 |    7 |    8 |    9 |   10 |   11 |   12 |   13 |   14 |    0 
-------------------------------------------------------------------------------------------------------
|    3 |    0 |    1 |    2 |   -1 |   -1 |   -1 |   -1 |   -1 |   -1 |   -1 |   -1 |   -1 |   -1 |   -1 
-------------------------------------------------------------------------------------------------------
<<HEAD 1>>
<<TAIL 3>>
<<FREE 4>>

List[00000003b0bff8c0] "my_list" from Main.cpp(25) in function - main.
{
capacity = 15
|    0 |    1 |    2 |    3 |    4 |    5 |    6 |    7 |    8 |    9 |   10 |   11 |   12 |   13 |   14 
-------------------------------------------------------------------------------------------------------
| -777 |   10 |   40 | -777 |    0 |    0 |    0 |    0 |    0 |    0 |    0 |    0 |    0 |    0 |    0 
-------------------------------------------------------------------------------------------------------
|    1 |    2 |    0 |    4 |    5 |    6 |    7 |    8 |    9 |   10 |   11 |   12 |   13 |   14 |    0 
-------------------------------------------------------------------------------------------------------
|    2 |    0 |    1 |   -1 |   -1 |   -1 |   -1 |   -1 |   -1 |   -1 |   -1 |   -1 |   -1 |   -1 |   -1 
-------------------------------------------------------------------------------------------------------
<<HEAD 1>>
<<TAIL 2>>
<<FREE 3>>

List[00000003b0bff8c0] "my_list" from Main.cpp(29) in function - main.
{
capacity = 15
|    0 |    1 |    2 |    3 |    4 |    5 |    6 |    7 |    8 |    9 |   10 |   11 |   12 |   13 |   14 
-------------------------------------------------------------------------------------------------------
| -777 |   10 |   40 |   60 |    0 |    0 |    0 |    0 |    0 |    0 |    0 |    0 |    0 |    0 |    0 
-------------------------------------------------------------------------------------------------------
|    1 |    2 |    3 |    0 |    5 |    6 |    7 |    8 |    9 |   10 |   11 |   12 |   13 |   14 |    0 
-------------------------------------------------------------------------------------------------------
|    3 |    0 |    1 |    2 |   -1 |   -1 |   -1 |   -1 |   -1 |   -1 |   -1 |   -1 |   -1 |   -1 |   -1 
-------------------------------------------------------------------------------------------------------
<<HEAD 1>>
<<TAIL 3>>
<<FREE 4>>

List[00000003b0bff8c0] "my_list" from Main.cpp(33) in function - main.
{
capacity = 15
|    0 |    1 |    2 |    3 |    4 |    5 |    6 |    7 |    8 |    9 |   10 |   11 |   12 |   13 |   14 
-------------------------------------------------------------------------------------------------------
| -777 |   10 |   40 |   60 |   70 |    0 |    0 |    0 |    0 |    0 |    0 |    0 |    0 |    0 |    0 
-------------------------------------------------------------------------------------------------------
|    1 |    2 |    3 |    4 |    0 |    6 |    7 |    8 |    9 |   10 |   11 |   12 |   13 |   14 |    0 
-------------------------------------------------------------------------------------------------------
|    4 |    0 |    1 |    2 |    3 |   -1 |   -1 |   -1 |   -1 |   -1 |   -1 |   -1 |   -1 |   -1 |   -1 
-------------------------------------------------------------------------------------------------------
<<HEAD 1>>
<<TAIL 4>>
<<FREE 5>>

CLOSE
\----------------------------------------------------\
